{"/Users/stanislav/Desktop/food-time/src/components/ProductList.tsx": {"path":"/Users/stanislav/Desktop/food-time/src/components/ProductList.tsx","all":false,"statementMap":{"0":{"start":{"line":1,"column":0},"end":{"line":1,"column":45}},"1":{"start":{"line":2,"column":0},"end":{"line":2,"column":34}},"2":{"start":{"line":3,"column":0},"end":{"line":3,"column":51}},"3":{"start":{"line":4,"column":0},"end":{"line":4,"column":0}},"4":{"start":{"line":5,"column":0},"end":{"line":5,"column":25}},"5":{"start":{"line":6,"column":0},"end":{"line":6,"column":25}},"6":{"start":{"line":7,"column":0},"end":{"line":7,"column":42}},"7":{"start":{"line":8,"column":0},"end":{"line":8,"column":44}},"8":{"start":{"line":9,"column":0},"end":{"line":9,"column":1}},"9":{"start":{"line":10,"column":0},"end":{"line":10,"column":0}},"10":{"start":{"line":11,"column":0},"end":{"line":11,"column":98}},"11":{"start":{"line":12,"column":0},"end":{"line":12,"column":26}},"12":{"start":{"line":13,"column":0},"end":{"line":13,"column":10}},"13":{"start":{"line":14,"column":0},"end":{"line":14,"column":8}},"14":{"start":{"line":15,"column":0},"end":{"line":15,"column":27}},"15":{"start":{"line":16,"column":0},"end":{"line":16,"column":11}},"16":{"start":{"line":17,"column":0},"end":{"line":17,"column":24}},"17":{"start":{"line":18,"column":0},"end":{"line":18,"column":51}},"18":{"start":{"line":19,"column":0},"end":{"line":19,"column":53}},"19":{"start":{"line":20,"column":0},"end":{"line":20,"column":25}},"20":{"start":{"line":21,"column":0},"end":{"line":21,"column":8}},"21":{"start":{"line":22,"column":0},"end":{"line":22,"column":5}},"22":{"start":{"line":23,"column":0},"end":{"line":23,"column":41}},"23":{"start":{"line":24,"column":0},"end":{"line":24,"column":24}},"24":{"start":{"line":25,"column":0},"end":{"line":25,"column":27}},"25":{"start":{"line":26,"column":0},"end":{"line":26,"column":41}},"26":{"start":{"line":27,"column":0},"end":{"line":27,"column":37}},"27":{"start":{"line":28,"column":0},"end":{"line":28,"column":28}},"28":{"start":{"line":29,"column":0},"end":{"line":29,"column":10}},"29":{"start":{"line":30,"column":0},"end":{"line":30,"column":9}},"30":{"start":{"line":31,"column":0},"end":{"line":31,"column":10}},"31":{"start":{"line":32,"column":0},"end":{"line":32,"column":3}},"32":{"start":{"line":33,"column":0},"end":{"line":33,"column":1}}},"s":{"0":1,"1":1,"2":1,"3":1,"4":1,"5":1,"6":1,"7":1,"8":1,"9":1,"10":1,"11":1,"12":1,"13":1,"14":1,"15":1,"16":1,"17":1,"18":1,"19":1,"20":1,"21":1,"22":1,"23":1,"24":1,"25":1,"26":1,"27":1,"28":1,"29":1,"30":1,"31":1,"32":1},"branchMap":{"0":{"type":"branch","line":11,"loc":{"start":{"line":11,"column":28},"end":{"line":33,"column":1}},"locations":[{"start":{"line":11,"column":28},"end":{"line":33,"column":1}}]},"1":{"type":"branch","line":23,"loc":{"start":{"line":23,"column":25},"end":{"line":24,"column":9}},"locations":[{"start":{"line":23,"column":25},"end":{"line":24,"column":9}}]}},"b":{"0":[1],"1":[12]},"fnMap":{"0":{"name":"ProductList","decl":{"start":{"line":11,"column":28},"end":{"line":33,"column":1}},"loc":{"start":{"line":11,"column":28},"end":{"line":33,"column":1}},"line":11}},"f":{"0":1}}
,"/Users/stanislav/Desktop/food-time/src/components/ProductListItem.tsx": {"path":"/Users/stanislav/Desktop/food-time/src/components/ProductListItem.tsx","all":false,"statementMap":{"0":{"start":{"line":1,"column":0},"end":{"line":1,"column":76}},"1":{"start":{"line":2,"column":0},"end":{"line":2,"column":61}},"2":{"start":{"line":3,"column":0},"end":{"line":3,"column":49}},"3":{"start":{"line":4,"column":0},"end":{"line":4,"column":34}},"4":{"start":{"line":5,"column":0},"end":{"line":5,"column":72}},"5":{"start":{"line":6,"column":0},"end":{"line":6,"column":0}},"6":{"start":{"line":7,"column":0},"end":{"line":7,"column":29}},"7":{"start":{"line":8,"column":0},"end":{"line":8,"column":18}},"8":{"start":{"line":9,"column":0},"end":{"line":9,"column":44}},"9":{"start":{"line":10,"column":0},"end":{"line":10,"column":42}},"10":{"start":{"line":11,"column":0},"end":{"line":11,"column":1}},"11":{"start":{"line":12,"column":0},"end":{"line":12,"column":0}},"12":{"start":{"line":13,"column":0},"end":{"line":13,"column":101}},"13":{"start":{"line":14,"column":0},"end":{"line":14,"column":26}},"14":{"start":{"line":15,"column":0},"end":{"line":15,"column":10}},"15":{"start":{"line":16,"column":0},"end":{"line":16,"column":9}},"16":{"start":{"line":17,"column":0},"end":{"line":17,"column":31}},"17":{"start":{"line":18,"column":0},"end":{"line":18,"column":11}},"18":{"start":{"line":19,"column":0},"end":{"line":19,"column":46}},"19":{"start":{"line":20,"column":0},"end":{"line":20,"column":53}},"20":{"start":{"line":21,"column":0},"end":{"line":21,"column":29}},"21":{"start":{"line":22,"column":0},"end":{"line":22,"column":28}},"22":{"start":{"line":23,"column":0},"end":{"line":23,"column":42}},"23":{"start":{"line":24,"column":0},"end":{"line":24,"column":8}},"24":{"start":{"line":25,"column":0},"end":{"line":25,"column":22}},"25":{"start":{"line":26,"column":0},"end":{"line":26,"column":31}},"26":{"start":{"line":27,"column":0},"end":{"line":27,"column":8}},"27":{"start":{"line":28,"column":0},"end":{"line":28,"column":5}},"28":{"start":{"line":29,"column":0},"end":{"line":29,"column":22}},"29":{"start":{"line":30,"column":0},"end":{"line":30,"column":43}},"30":{"start":{"line":31,"column":0},"end":{"line":31,"column":65}},"31":{"start":{"line":32,"column":0},"end":{"line":32,"column":25}},"32":{"start":{"line":33,"column":0},"end":{"line":33,"column":29}},"33":{"start":{"line":34,"column":0},"end":{"line":34,"column":31}},"34":{"start":{"line":35,"column":0},"end":{"line":35,"column":10}},"35":{"start":{"line":36,"column":0},"end":{"line":36,"column":8}},"36":{"start":{"line":37,"column":0},"end":{"line":37,"column":69}},"37":{"start":{"line":38,"column":0},"end":{"line":38,"column":66}},"38":{"start":{"line":39,"column":0},"end":{"line":39,"column":100}},"39":{"start":{"line":40,"column":0},"end":{"line":40,"column":16}},"40":{"start":{"line":41,"column":0},"end":{"line":41,"column":23}},"41":{"start":{"line":42,"column":0},"end":{"line":42,"column":94}},"42":{"start":{"line":43,"column":0},"end":{"line":43,"column":27}},"43":{"start":{"line":44,"column":0},"end":{"line":44,"column":23}},"44":{"start":{"line":45,"column":0},"end":{"line":45,"column":22}},"45":{"start":{"line":46,"column":0},"end":{"line":46,"column":66}},"46":{"start":{"line":47,"column":0},"end":{"line":47,"column":100}},"47":{"start":{"line":48,"column":0},"end":{"line":48,"column":27}},"48":{"start":{"line":49,"column":0},"end":{"line":49,"column":23}},"49":{"start":{"line":50,"column":0},"end":{"line":50,"column":69}},"50":{"start":{"line":51,"column":0},"end":{"line":51,"column":85}},"51":{"start":{"line":52,"column":0},"end":{"line":52,"column":23}},"52":{"start":{"line":53,"column":0},"end":{"line":53,"column":22}},"53":{"start":{"line":54,"column":0},"end":{"line":54,"column":12}},"54":{"start":{"line":55,"column":0},"end":{"line":55,"column":10}},"55":{"start":{"line":56,"column":0},"end":{"line":56,"column":48}},"56":{"start":{"line":57,"column":0},"end":{"line":57,"column":13}},"57":{"start":{"line":58,"column":0},"end":{"line":58,"column":65}},"58":{"start":{"line":59,"column":0},"end":{"line":59,"column":24}},"59":{"start":{"line":60,"column":0},"end":{"line":60,"column":61}},"60":{"start":{"line":61,"column":0},"end":{"line":61,"column":10}},"61":{"start":{"line":62,"column":0},"end":{"line":62,"column":8}},"62":{"start":{"line":63,"column":0},"end":{"line":63,"column":11}},"63":{"start":{"line":64,"column":0},"end":{"line":64,"column":3}},"64":{"start":{"line":65,"column":0},"end":{"line":65,"column":1}}},"s":{"0":1,"1":1,"2":1,"3":1,"4":1,"5":1,"6":1,"7":1,"8":1,"9":1,"10":1,"11":1,"12":1,"13":18,"14":18,"15":18,"16":18,"17":18,"18":18,"19":18,"20":18,"21":18,"22":18,"23":18,"24":18,"25":1,"26":1,"27":18,"28":18,"29":18,"30":18,"31":18,"32":1,"33":1,"34":1,"35":18,"36":18,"37":18,"38":18,"39":18,"40":18,"41":18,"42":18,"43":18,"44":18,"45":18,"46":18,"47":18,"48":18,"49":18,"50":18,"51":18,"52":18,"53":18,"54":18,"55":18,"56":18,"57":18,"58":18,"59":18,"60":18,"61":18,"62":18,"63":18,"64":18},"branchMap":{"0":{"type":"branch","line":13,"loc":{"start":{"line":13,"column":32},"end":{"line":65,"column":1}},"locations":[{"start":{"line":13,"column":32},"end":{"line":65,"column":1}}]},"1":{"type":"branch","line":25,"loc":{"start":{"line":25,"column":15},"end":{"line":27,"column":8}},"locations":[{"start":{"line":25,"column":15},"end":{"line":27,"column":8}}]},"2":{"type":"branch","line":32,"loc":{"start":{"line":32,"column":18},"end":{"line":35,"column":10}},"locations":[{"start":{"line":32,"column":18},"end":{"line":35,"column":10}}]}},"b":{"0":[18],"1":[1],"2":[1]},"fnMap":{"0":{"name":"ProductListItem","decl":{"start":{"line":13,"column":32},"end":{"line":65,"column":1}},"loc":{"start":{"line":13,"column":32},"end":{"line":65,"column":1}},"line":13},"1":{"name":"onClick","decl":{"start":{"line":25,"column":15},"end":{"line":27,"column":8}},"loc":{"start":{"line":25,"column":15},"end":{"line":27,"column":8}},"line":25},"2":{"name":"onClick","decl":{"start":{"line":32,"column":18},"end":{"line":35,"column":10}},"loc":{"start":{"line":32,"column":18},"end":{"line":35,"column":10}},"line":32}},"f":{"0":18,"1":1,"2":1}}
,"/Users/stanislav/Desktop/food-time/src/components/ProductSelect.tsx": {"path":"/Users/stanislav/Desktop/food-time/src/components/ProductSelect.tsx","all":false,"statementMap":{"0":{"start":{"line":1,"column":0},"end":{"line":1,"column":111}},"1":{"start":{"line":2,"column":0},"end":{"line":2,"column":64}},"2":{"start":{"line":3,"column":0},"end":{"line":3,"column":42}},"3":{"start":{"line":4,"column":0},"end":{"line":4,"column":49}},"4":{"start":{"line":5,"column":0},"end":{"line":5,"column":38}},"5":{"start":{"line":6,"column":0},"end":{"line":6,"column":35}},"6":{"start":{"line":7,"column":0},"end":{"line":7,"column":34}},"7":{"start":{"line":8,"column":0},"end":{"line":8,"column":32}},"8":{"start":{"line":9,"column":0},"end":{"line":9,"column":0}},"9":{"start":{"line":10,"column":0},"end":{"line":10,"column":45}},"10":{"start":{"line":11,"column":0},"end":{"line":11,"column":0}},"11":{"start":{"line":12,"column":0},"end":{"line":12,"column":27}},"12":{"start":{"line":13,"column":0},"end":{"line":13,"column":52}},"13":{"start":{"line":14,"column":0},"end":{"line":14,"column":51}},"14":{"start":{"line":15,"column":0},"end":{"line":15,"column":25}},"15":{"start":{"line":16,"column":0},"end":{"line":16,"column":22}},"16":{"start":{"line":17,"column":0},"end":{"line":17,"column":27}},"17":{"start":{"line":18,"column":0},"end":{"line":18,"column":1}},"18":{"start":{"line":19,"column":0},"end":{"line":19,"column":0}},"19":{"start":{"line":20,"column":0},"end":{"line":20,"column":26}},"20":{"start":{"line":21,"column":0},"end":{"line":21,"column":36}},"21":{"start":{"line":22,"column":0},"end":{"line":22,"column":18}},"22":{"start":{"line":23,"column":0},"end":{"line":23,"column":43}},"23":{"start":{"line":24,"column":0},"end":{"line":24,"column":1}},"24":{"start":{"line":25,"column":0},"end":{"line":25,"column":0}},"25":{"start":{"line":26,"column":0},"end":{"line":26,"column":31}},"26":{"start":{"line":27,"column":0},"end":{"line":27,"column":29}},"27":{"start":{"line":28,"column":0},"end":{"line":28,"column":57}},"28":{"start":{"line":29,"column":0},"end":{"line":29,"column":14}},"29":{"start":{"line":30,"column":0},"end":{"line":30,"column":52}},"30":{"start":{"line":31,"column":0},"end":{"line":31,"column":6}},"31":{"start":{"line":32,"column":0},"end":{"line":32,"column":59}},"32":{"start":{"line":33,"column":0},"end":{"line":33,"column":21}},"33":{"start":{"line":34,"column":0},"end":{"line":34,"column":9}},"34":{"start":{"line":35,"column":0},"end":{"line":35,"column":22}},"35":{"start":{"line":36,"column":0},"end":{"line":36,"column":25}},"36":{"start":{"line":37,"column":0},"end":{"line":37,"column":44}},"37":{"start":{"line":38,"column":0},"end":{"line":38,"column":6}},"38":{"start":{"line":39,"column":0},"end":{"line":39,"column":67}},"39":{"start":{"line":40,"column":0},"end":{"line":40,"column":21}},"40":{"start":{"line":41,"column":0},"end":{"line":41,"column":18}},"41":{"start":{"line":42,"column":0},"end":{"line":42,"column":33}},"42":{"start":{"line":43,"column":0},"end":{"line":43,"column":6}},"43":{"start":{"line":44,"column":0},"end":{"line":44,"column":44}},"44":{"start":{"line":45,"column":0},"end":{"line":45,"column":29}},"45":{"start":{"line":46,"column":0},"end":{"line":46,"column":3}},"46":{"start":{"line":47,"column":0},"end":{"line":47,"column":1}},"47":{"start":{"line":48,"column":0},"end":{"line":48,"column":0}},"48":{"start":{"line":49,"column":0},"end":{"line":49,"column":30}},"49":{"start":{"line":50,"column":0},"end":{"line":50,"column":21}},"50":{"start":{"line":51,"column":0},"end":{"line":51,"column":38}},"51":{"start":{"line":52,"column":0},"end":{"line":52,"column":51}},"52":{"start":{"line":53,"column":0},"end":{"line":53,"column":6}},"53":{"start":{"line":54,"column":0},"end":{"line":54,"column":42}},"54":{"start":{"line":55,"column":0},"end":{"line":55,"column":31}},"55":{"start":{"line":56,"column":0},"end":{"line":56,"column":40}},"56":{"start":{"line":57,"column":0},"end":{"line":57,"column":74}},"57":{"start":{"line":58,"column":0},"end":{"line":58,"column":41}},"58":{"start":{"line":59,"column":0},"end":{"line":59,"column":19}},"59":{"start":{"line":60,"column":0},"end":{"line":60,"column":19}},"60":{"start":{"line":61,"column":0},"end":{"line":61,"column":17}},"61":{"start":{"line":62,"column":0},"end":{"line":62,"column":35}},"62":{"start":{"line":63,"column":0},"end":{"line":63,"column":44}},"63":{"start":{"line":64,"column":0},"end":{"line":64,"column":25}},"64":{"start":{"line":65,"column":0},"end":{"line":65,"column":6}},"65":{"start":{"line":66,"column":0},"end":{"line":66,"column":3}},"66":{"start":{"line":67,"column":0},"end":{"line":67,"column":0}},"67":{"start":{"line":68,"column":0},"end":{"line":68,"column":17}},"68":{"start":{"line":69,"column":0},"end":{"line":69,"column":1}},"69":{"start":{"line":70,"column":0},"end":{"line":70,"column":0}},"70":{"start":{"line":71,"column":0},"end":{"line":71,"column":61}},"71":{"start":{"line":72,"column":0},"end":{"line":72,"column":35}},"72":{"start":{"line":73,"column":0},"end":{"line":73,"column":17}},"73":{"start":{"line":74,"column":0},"end":{"line":74,"column":3}},"74":{"start":{"line":75,"column":0},"end":{"line":75,"column":0}},"75":{"start":{"line":76,"column":0},"end":{"line":76,"column":26}},"76":{"start":{"line":77,"column":0},"end":{"line":77,"column":28}},"77":{"start":{"line":78,"column":0},"end":{"line":78,"column":3}},"78":{"start":{"line":79,"column":0},"end":{"line":79,"column":0}},"79":{"start":{"line":80,"column":0},"end":{"line":80,"column":21}},"80":{"start":{"line":81,"column":0},"end":{"line":81,"column":1}},"81":{"start":{"line":82,"column":0},"end":{"line":82,"column":0}},"82":{"start":{"line":83,"column":0},"end":{"line":83,"column":88}},"83":{"start":{"line":84,"column":0},"end":{"line":84,"column":44}},"84":{"start":{"line":85,"column":0},"end":{"line":85,"column":46}},"85":{"start":{"line":86,"column":0},"end":{"line":86,"column":46}},"86":{"start":{"line":87,"column":0},"end":{"line":87,"column":49}},"87":{"start":{"line":88,"column":0},"end":{"line":88,"column":0}},"88":{"start":{"line":89,"column":0},"end":{"line":89,"column":10}},"89":{"start":{"line":90,"column":0},"end":{"line":90,"column":13}},"90":{"start":{"line":91,"column":0},"end":{"line":91,"column":16}},"91":{"start":{"line":92,"column":0},"end":{"line":92,"column":23}},"92":{"start":{"line":93,"column":0},"end":{"line":93,"column":27}},"93":{"start":{"line":94,"column":0},"end":{"line":94,"column":21}},"94":{"start":{"line":95,"column":0},"end":{"line":95,"column":44}},"95":{"start":{"line":96,"column":0},"end":{"line":96,"column":22}},"96":{"start":{"line":97,"column":0},"end":{"line":97,"column":30}},"97":{"start":{"line":98,"column":0},"end":{"line":98,"column":51}},"98":{"start":{"line":99,"column":0},"end":{"line":99,"column":11}},"99":{"start":{"line":100,"column":0},"end":{"line":100,"column":42}},"100":{"start":{"line":101,"column":0},"end":{"line":101,"column":23}},"101":{"start":{"line":102,"column":0},"end":{"line":102,"column":9}},"102":{"start":{"line":103,"column":0},"end":{"line":103,"column":7}},"103":{"start":{"line":104,"column":0},"end":{"line":104,"column":5}},"104":{"start":{"line":105,"column":0},"end":{"line":105,"column":114}},"105":{"start":{"line":106,"column":0},"end":{"line":106,"column":15}},"106":{"start":{"line":107,"column":0},"end":{"line":107,"column":3}},"107":{"start":{"line":108,"column":0},"end":{"line":108,"column":1}},"108":{"start":{"line":109,"column":0},"end":{"line":109,"column":0}},"109":{"start":{"line":110,"column":0},"end":{"line":110,"column":31}},"110":{"start":{"line":111,"column":0},"end":{"line":111,"column":18}},"111":{"start":{"line":112,"column":0},"end":{"line":112,"column":10}},"112":{"start":{"line":113,"column":0},"end":{"line":113,"column":15}},"113":{"start":{"line":114,"column":0},"end":{"line":114,"column":17}},"114":{"start":{"line":115,"column":0},"end":{"line":115,"column":24}},"115":{"start":{"line":116,"column":0},"end":{"line":116,"column":27}},"116":{"start":{"line":117,"column":0},"end":{"line":117,"column":10}},"117":{"start":{"line":118,"column":0},"end":{"line":118,"column":17}},"118":{"start":{"line":119,"column":0},"end":{"line":119,"column":33}},"119":{"start":{"line":120,"column":0},"end":{"line":120,"column":21}},"120":{"start":{"line":121,"column":0},"end":{"line":121,"column":104}},"121":{"start":{"line":122,"column":0},"end":{"line":122,"column":87}},"122":{"start":{"line":123,"column":0},"end":{"line":123,"column":19}},"123":{"start":{"line":124,"column":0},"end":{"line":124,"column":17}},"124":{"start":{"line":125,"column":0},"end":{"line":125,"column":23}},"125":{"start":{"line":126,"column":0},"end":{"line":126,"column":30}},"126":{"start":{"line":127,"column":0},"end":{"line":127,"column":37}},"127":{"start":{"line":128,"column":0},"end":{"line":128,"column":40}},"128":{"start":{"line":129,"column":0},"end":{"line":129,"column":110}},"129":{"start":{"line":130,"column":0},"end":{"line":130,"column":8}},"130":{"start":{"line":131,"column":0},"end":{"line":131,"column":47}},"131":{"start":{"line":132,"column":0},"end":{"line":132,"column":14}},"132":{"start":{"line":133,"column":0},"end":{"line":133,"column":78}},"133":{"start":{"line":134,"column":0},"end":{"line":134,"column":6}},"134":{"start":{"line":135,"column":0},"end":{"line":135,"column":3}},"135":{"start":{"line":136,"column":0},"end":{"line":136,"column":1}}},"s":{"0":1,"1":1,"2":1,"3":1,"4":1,"5":1,"6":1,"7":1,"8":1,"9":1,"10":1,"11":1,"12":1,"13":1,"14":1,"15":1,"16":1,"17":1,"18":1,"19":1,"20":1,"21":1,"22":1,"23":1,"24":1,"25":1,"26":1,"27":3,"28":3,"29":3,"30":3,"31":3,"32":1,"33":1,"34":1,"35":1,"36":1,"37":1,"38":3,"39":1,"40":1,"41":1,"42":1,"43":1,"44":1,"45":1,"46":1,"47":1,"48":1,"49":1,"50":2,"51":2,"52":2,"53":2,"54":2,"55":2,"56":2,"57":2,"58":1,"59":1,"60":1,"61":1,"62":1,"63":1,"64":1,"65":1,"66":1,"67":2,"68":2,"69":1,"70":1,"71":12,"72":1,"73":1,"74":1,"75":12,"76":1,"77":1,"78":1,"79":12,"80":10,"81":1,"82":1,"83":5,"84":5,"85":5,"86":5,"87":5,"88":5,"89":5,"90":5,"91":5,"92":5,"93":5,"94":5,"95":5,"96":5,"97":5,"98":5,"99":5,"100":5,"101":5,"102":5,"103":5,"104":5,"105":5,"106":5,"107":5,"108":1,"109":1,"110":3,"111":3,"112":3,"113":3,"114":3,"115":3,"116":3,"117":3,"118":3,"119":3,"120":3,"121":3,"122":3,"123":3,"124":3,"125":3,"126":3,"127":3,"128":3,"129":3,"130":3,"131":3,"132":3,"133":3,"134":3,"135":3},"branchMap":{"0":{"type":"branch","line":27,"loc":{"start":{"line":27,"column":2},"end":{"line":47,"column":1}},"locations":[{"start":{"line":27,"column":2},"end":{"line":47,"column":1}}]},"1":{"type":"branch","line":32,"loc":{"start":{"line":32,"column":26},"end":{"line":32,"column":44}},"locations":[{"start":{"line":32,"column":26},"end":{"line":32,"column":44}}]},"2":{"type":"branch","line":32,"loc":{"start":{"line":32,"column":38},"end":{"line":32,"column":58}},"locations":[{"start":{"line":32,"column":38},"end":{"line":32,"column":58}}]},"3":{"type":"branch","line":32,"loc":{"start":{"line":32,"column":58},"end":{"line":39,"column":13}},"locations":[{"start":{"line":32,"column":58},"end":{"line":39,"column":13}}]},"4":{"type":"branch","line":39,"loc":{"start":{"line":39,"column":3},"end":{"line":47,"column":1}},"locations":[{"start":{"line":39,"column":3},"end":{"line":47,"column":1}}]},"5":{"type":"branch","line":39,"loc":{"start":{"line":39,"column":66},"end":{"line":47,"column":1}},"locations":[{"start":{"line":39,"column":66},"end":{"line":47,"column":1}}]},"6":{"type":"branch","line":50,"loc":{"start":{"line":50,"column":2},"end":{"line":69,"column":1}},"locations":[{"start":{"line":50,"column":2},"end":{"line":69,"column":1}}]},"7":{"type":"branch","line":58,"loc":{"start":{"line":58,"column":40},"end":{"line":68,"column":9}},"locations":[{"start":{"line":58,"column":40},"end":{"line":68,"column":9}}]},"8":{"type":"branch","line":57,"loc":{"start":{"line":57,"column":35},"end":{"line":57,"column":29}},"locations":[{"start":{"line":57,"column":35},"end":{"line":57,"column":29}}]},"9":{"type":"branch","line":71,"loc":{"start":{"line":71,"column":31},"end":{"line":81,"column":1}},"locations":[{"start":{"line":71,"column":31},"end":{"line":81,"column":1}}]},"10":{"type":"branch","line":72,"loc":{"start":{"line":72,"column":34},"end":{"line":76,"column":6}},"locations":[{"start":{"line":72,"column":34},"end":{"line":76,"column":6}}]},"11":{"type":"branch","line":76,"loc":{"start":{"line":76,"column":2},"end":{"line":76,"column":26}},"locations":[{"start":{"line":76,"column":2},"end":{"line":76,"column":26}}]},"12":{"type":"branch","line":76,"loc":{"start":{"line":76,"column":25},"end":{"line":80,"column":9}},"locations":[{"start":{"line":76,"column":25},"end":{"line":80,"column":9}}]},"13":{"type":"branch","line":80,"loc":{"start":{"line":80,"column":2},"end":{"line":81,"column":1}},"locations":[{"start":{"line":80,"column":2},"end":{"line":81,"column":1}}]},"14":{"type":"branch","line":83,"loc":{"start":{"line":83,"column":29},"end":{"line":108,"column":1}},"locations":[{"start":{"line":83,"column":29},"end":{"line":108,"column":1}}]},"15":{"type":"branch","line":93,"loc":{"start":{"line":93,"column":8},"end":{"line":94,"column":11}},"locations":[{"start":{"line":93,"column":8},"end":{"line":94,"column":11}}]},"16":{"type":"branch","line":105,"loc":{"start":{"line":105,"column":47},"end":{"line":105,"column":95}},"locations":[{"start":{"line":105,"column":47},"end":{"line":105,"column":95}}]},"17":{"type":"branch","line":105,"loc":{"start":{"line":105,"column":76},"end":{"line":105,"column":114}},"locations":[{"start":{"line":105,"column":76},"end":{"line":105,"column":114}}]},"18":{"type":"branch","line":98,"loc":{"start":{"line":98,"column":21},"end":{"line":98,"column":42}},"locations":[{"start":{"line":98,"column":21},"end":{"line":98,"column":42}}]},"19":{"type":"branch","line":110,"loc":{"start":{"line":110,"column":30},"end":{"line":136,"column":1}},"locations":[{"start":{"line":110,"column":30},"end":{"line":136,"column":1}}]},"20":{"type":"branch","line":133,"loc":{"start":{"line":133,"column":20},"end":{"line":133,"column":32}},"locations":[{"start":{"line":133,"column":20},"end":{"line":133,"column":32}}]}},"b":{"0":[3],"1":[1],"2":[1],"3":[1],"4":[2],"5":[1],"6":[2],"7":[1],"8":[13],"9":[12],"10":[1],"11":[11],"12":[1],"13":[10],"14":[5],"15":[3],"16":[3],"17":[2],"18":[1],"19":[3],"20":[8]},"fnMap":{"0":{"name":"onSearchChange","decl":{"start":{"line":27,"column":2},"end":{"line":47,"column":1}},"loc":{"start":{"line":27,"column":2},"end":{"line":47,"column":1}},"line":27},"1":{"name":"filterOptions","decl":{"start":{"line":50,"column":2},"end":{"line":69,"column":1}},"loc":{"start":{"line":50,"column":2},"end":{"line":69,"column":1}},"line":50},"2":{"name":"getOptionLabel","decl":{"start":{"line":71,"column":31},"end":{"line":81,"column":1}},"loc":{"start":{"line":71,"column":31},"end":{"line":81,"column":1}},"line":71},"3":{"name":"SelectOption","decl":{"start":{"line":83,"column":29},"end":{"line":108,"column":1}},"loc":{"start":{"line":83,"column":29},"end":{"line":108,"column":1}},"line":83},"4":{"name":"onClick","decl":{"start":{"line":98,"column":21},"end":{"line":98,"column":42}},"loc":{"start":{"line":98,"column":21},"end":{"line":98,"column":42}},"line":98},"5":{"name":"ProductSelect","decl":{"start":{"line":110,"column":30},"end":{"line":136,"column":1}},"loc":{"start":{"line":110,"column":30},"end":{"line":136,"column":1}},"line":110},"6":{"name":"onChange","decl":{"start":{"line":121,"column":17},"end":{"line":121,"column":52}},"loc":{"start":{"line":121,"column":17},"end":{"line":121,"column":52}},"line":121},"7":{"name":"filterOptions","decl":{"start":{"line":122,"column":22},"end":{"line":122,"column":56}},"loc":{"start":{"line":122,"column":22},"end":{"line":122,"column":56}},"line":122},"8":{"name":"renderOption","decl":{"start":{"line":128,"column":21},"end":{"line":129,"column":9}},"loc":{"start":{"line":128,"column":21},"end":{"line":129,"column":9}},"line":128},"9":{"name":"renderInput","decl":{"start":{"line":133,"column":20},"end":{"line":133,"column":32}},"loc":{"start":{"line":133,"column":20},"end":{"line":133,"column":32}},"line":133}},"f":{"0":3,"1":2,"2":12,"3":5,"4":1,"5":3,"6":0,"7":0,"8":0,"9":8}}
,"/Users/stanislav/Desktop/food-time/src/services/indicatorConfig.test.ts": {"path":"/Users/stanislav/Desktop/food-time/src/services/indicatorConfig.test.ts","all":false,"statementMap":{"0":{"start":{"line":1,"column":0},"end":{"line":1,"column":32}},"1":{"start":{"line":2,"column":0},"end":{"line":2,"column":45}},"2":{"start":{"line":3,"column":0},"end":{"line":3,"column":37}},"3":{"start":{"line":4,"column":0},"end":{"line":4,"column":62}},"4":{"start":{"line":5,"column":0},"end":{"line":5,"column":0}},"5":{"start":{"line":6,"column":0},"end":{"line":6,"column":38}},"6":{"start":{"line":7,"column":0},"end":{"line":7,"column":32}},"7":{"start":{"line":8,"column":0},"end":{"line":8,"column":73}},"8":{"start":{"line":9,"column":0},"end":{"line":9,"column":61}},"9":{"start":{"line":10,"column":0},"end":{"line":10,"column":0}},"10":{"start":{"line":11,"column":0},"end":{"line":11,"column":72}},"11":{"start":{"line":12,"column":0},"end":{"line":12,"column":76}},"12":{"start":{"line":13,"column":0},"end":{"line":13,"column":74}},"13":{"start":{"line":14,"column":0},"end":{"line":14,"column":6}},"14":{"start":{"line":15,"column":0},"end":{"line":15,"column":0}},"15":{"start":{"line":16,"column":0},"end":{"line":16,"column":77}},"16":{"start":{"line":17,"column":0},"end":{"line":17,"column":61}},"17":{"start":{"line":18,"column":0},"end":{"line":18,"column":62}},"18":{"start":{"line":19,"column":0},"end":{"line":19,"column":0}},"19":{"start":{"line":20,"column":0},"end":{"line":20,"column":72}},"20":{"start":{"line":21,"column":0},"end":{"line":21,"column":76}},"21":{"start":{"line":22,"column":0},"end":{"line":22,"column":74}},"22":{"start":{"line":23,"column":0},"end":{"line":23,"column":0}},"23":{"start":{"line":24,"column":0},"end":{"line":24,"column":73}},"24":{"start":{"line":25,"column":0},"end":{"line":25,"column":77}},"25":{"start":{"line":26,"column":0},"end":{"line":26,"column":75}},"26":{"start":{"line":27,"column":0},"end":{"line":27,"column":6}},"27":{"start":{"line":28,"column":0},"end":{"line":28,"column":4}},"28":{"start":{"line":29,"column":0},"end":{"line":29,"column":0}},"29":{"start":{"line":30,"column":0},"end":{"line":30,"column":37}},"30":{"start":{"line":31,"column":0},"end":{"line":31,"column":72}},"31":{"start":{"line":32,"column":0},"end":{"line":32,"column":44}},"32":{"start":{"line":33,"column":0},"end":{"line":33,"column":64}},"33":{"start":{"line":34,"column":0},"end":{"line":34,"column":0}},"34":{"start":{"line":35,"column":0},"end":{"line":35,"column":64}},"35":{"start":{"line":36,"column":0},"end":{"line":36,"column":6}},"36":{"start":{"line":37,"column":0},"end":{"line":37,"column":0}},"37":{"start":{"line":38,"column":0},"end":{"line":38,"column":100}},"38":{"start":{"line":39,"column":0},"end":{"line":39,"column":33}},"39":{"start":{"line":40,"column":0},"end":{"line":40,"column":39}},"40":{"start":{"line":41,"column":0},"end":{"line":41,"column":46}},"41":{"start":{"line":42,"column":0},"end":{"line":42,"column":0}},"42":{"start":{"line":43,"column":0},"end":{"line":43,"column":36}},"43":{"start":{"line":44,"column":0},"end":{"line":44,"column":60}},"44":{"start":{"line":45,"column":0},"end":{"line":45,"column":65}},"45":{"start":{"line":46,"column":0},"end":{"line":46,"column":7}},"46":{"start":{"line":47,"column":0},"end":{"line":47,"column":0}},"47":{"start":{"line":48,"column":0},"end":{"line":48,"column":41}},"48":{"start":{"line":49,"column":0},"end":{"line":49,"column":60}},"49":{"start":{"line":50,"column":0},"end":{"line":50,"column":69}},"50":{"start":{"line":51,"column":0},"end":{"line":51,"column":7}},"51":{"start":{"line":52,"column":0},"end":{"line":52,"column":6}},"52":{"start":{"line":53,"column":0},"end":{"line":53,"column":0}},"53":{"start":{"line":54,"column":0},"end":{"line":54,"column":92}},"54":{"start":{"line":55,"column":0},"end":{"line":55,"column":36}},"55":{"start":{"line":56,"column":0},"end":{"line":56,"column":39}},"56":{"start":{"line":57,"column":0},"end":{"line":57,"column":46}},"57":{"start":{"line":58,"column":0},"end":{"line":58,"column":0}},"58":{"start":{"line":59,"column":0},"end":{"line":59,"column":36}},"59":{"start":{"line":60,"column":0},"end":{"line":60,"column":60}},"60":{"start":{"line":61,"column":0},"end":{"line":61,"column":64}},"61":{"start":{"line":62,"column":0},"end":{"line":62,"column":7}},"62":{"start":{"line":63,"column":0},"end":{"line":63,"column":0}},"63":{"start":{"line":64,"column":0},"end":{"line":64,"column":41}},"64":{"start":{"line":65,"column":0},"end":{"line":65,"column":60}},"65":{"start":{"line":66,"column":0},"end":{"line":66,"column":68}},"66":{"start":{"line":67,"column":0},"end":{"line":67,"column":7}},"67":{"start":{"line":68,"column":0},"end":{"line":68,"column":6}},"68":{"start":{"line":69,"column":0},"end":{"line":69,"column":0}},"69":{"start":{"line":70,"column":0},"end":{"line":70,"column":68}},"70":{"start":{"line":71,"column":0},"end":{"line":71,"column":23}},"71":{"start":{"line":72,"column":0},"end":{"line":72,"column":27}},"72":{"start":{"line":73,"column":0},"end":{"line":73,"column":91}},"73":{"start":{"line":74,"column":0},"end":{"line":74,"column":74}},"74":{"start":{"line":75,"column":0},"end":{"line":75,"column":65}},"75":{"start":{"line":76,"column":0},"end":{"line":76,"column":81}},"76":{"start":{"line":77,"column":0},"end":{"line":77,"column":0}},"77":{"start":{"line":78,"column":0},"end":{"line":78,"column":24}},"78":{"start":{"line":79,"column":0},"end":{"line":79,"column":70}},"79":{"start":{"line":80,"column":0},"end":{"line":80,"column":62}},"80":{"start":{"line":81,"column":0},"end":{"line":81,"column":29}},"81":{"start":{"line":82,"column":0},"end":{"line":82,"column":0}},"82":{"start":{"line":83,"column":0},"end":{"line":83,"column":81}},"83":{"start":{"line":84,"column":0},"end":{"line":84,"column":6}},"84":{"start":{"line":85,"column":0},"end":{"line":85,"column":4}},"85":{"start":{"line":86,"column":0},"end":{"line":86,"column":2}}},"s":{"0":1,"1":1,"2":1,"3":1,"4":1,"5":1,"6":1,"7":1,"8":1,"9":1,"10":1,"11":1,"12":1,"13":1,"14":1,"15":1,"16":1,"17":1,"18":1,"19":1,"20":1,"21":1,"22":1,"23":1,"24":1,"25":1,"26":1,"27":1,"28":1,"29":1,"30":1,"31":1,"32":1,"33":1,"34":1,"35":1,"36":1,"37":1,"38":1,"39":1,"40":1,"41":1,"42":1,"43":3,"44":3,"45":3,"46":3,"47":1,"48":3,"49":3,"50":3,"51":1,"52":1,"53":1,"54":1,"55":1,"56":1,"57":1,"58":1,"59":3,"60":3,"61":3,"62":3,"63":1,"64":3,"65":3,"66":3,"67":1,"68":1,"69":1,"70":1,"71":1,"72":1,"73":1,"74":1,"75":1,"76":1,"77":1,"78":1,"79":1,"80":1,"81":1,"82":1,"83":1,"84":1,"85":1},"branchMap":{"0":{"type":"branch","line":6,"loc":{"start":{"line":6,"column":31},"end":{"line":86,"column":2}},"locations":[{"start":{"line":6,"column":31},"end":{"line":86,"column":2}}]},"1":{"type":"branch","line":7,"loc":{"start":{"line":7,"column":25},"end":{"line":28,"column":4}},"locations":[{"start":{"line":7,"column":25},"end":{"line":28,"column":4}}]},"2":{"type":"branch","line":8,"loc":{"start":{"line":8,"column":66},"end":{"line":14,"column":6}},"locations":[{"start":{"line":8,"column":66},"end":{"line":14,"column":6}}]},"3":{"type":"branch","line":16,"loc":{"start":{"line":16,"column":70},"end":{"line":27,"column":6}},"locations":[{"start":{"line":16,"column":70},"end":{"line":27,"column":6}}]},"4":{"type":"branch","line":30,"loc":{"start":{"line":30,"column":30},"end":{"line":85,"column":4}},"locations":[{"start":{"line":30,"column":30},"end":{"line":85,"column":4}}]},"5":{"type":"branch","line":31,"loc":{"start":{"line":31,"column":65},"end":{"line":36,"column":6}},"locations":[{"start":{"line":31,"column":65},"end":{"line":36,"column":6}}]},"6":{"type":"branch","line":38,"loc":{"start":{"line":38,"column":93},"end":{"line":52,"column":6}},"locations":[{"start":{"line":38,"column":93},"end":{"line":52,"column":6}}]},"7":{"type":"branch","line":43,"loc":{"start":{"line":43,"column":35},"end":{"line":48,"column":17}},"locations":[{"start":{"line":43,"column":35},"end":{"line":48,"column":17}}]},"8":{"type":"branch","line":48,"loc":{"start":{"line":48,"column":40},"end":{"line":51,"column":7}},"locations":[{"start":{"line":48,"column":40},"end":{"line":51,"column":7}}]},"9":{"type":"branch","line":54,"loc":{"start":{"line":54,"column":85},"end":{"line":68,"column":6}},"locations":[{"start":{"line":54,"column":85},"end":{"line":68,"column":6}}]},"10":{"type":"branch","line":59,"loc":{"start":{"line":59,"column":35},"end":{"line":64,"column":17}},"locations":[{"start":{"line":59,"column":35},"end":{"line":64,"column":17}}]},"11":{"type":"branch","line":64,"loc":{"start":{"line":64,"column":40},"end":{"line":67,"column":7}},"locations":[{"start":{"line":64,"column":40},"end":{"line":67,"column":7}}]},"12":{"type":"branch","line":70,"loc":{"start":{"line":70,"column":61},"end":{"line":84,"column":6}},"locations":[{"start":{"line":70,"column":61},"end":{"line":84,"column":6}}]}},"b":{"0":[1],"1":[1],"2":[1],"3":[1],"4":[1],"5":[1],"6":[1],"7":[3],"8":[3],"9":[1],"10":[3],"11":[3],"12":[1]},"fnMap":{},"f":{}}
,"/Users/stanislav/Desktop/food-time/src/services/indicatorsConfig.ts": {"path":"/Users/stanislav/Desktop/food-time/src/services/indicatorsConfig.ts","all":false,"statementMap":{"0":{"start":{"line":1,"column":0},"end":{"line":1,"column":32}},"1":{"start":{"line":2,"column":0},"end":{"line":2,"column":65}},"2":{"start":{"line":3,"column":0},"end":{"line":3,"column":32}},"3":{"start":{"line":4,"column":0},"end":{"line":4,"column":39}},"4":{"start":{"line":5,"column":0},"end":{"line":5,"column":0}},"5":{"start":{"line":6,"column":0},"end":{"line":6,"column":95}},"6":{"start":{"line":7,"column":0},"end":{"line":7,"column":60}},"7":{"start":{"line":8,"column":0},"end":{"line":8,"column":40}},"8":{"start":{"line":9,"column":0},"end":{"line":9,"column":0}},"9":{"start":{"line":10,"column":0},"end":{"line":10,"column":100}},"10":{"start":{"line":11,"column":0},"end":{"line":11,"column":38}},"11":{"start":{"line":12,"column":0},"end":{"line":12,"column":3}},"12":{"start":{"line":13,"column":0},"end":{"line":13,"column":0}},"13":{"start":{"line":14,"column":0},"end":{"line":14,"column":52}},"14":{"start":{"line":15,"column":0},"end":{"line":15,"column":36}},"15":{"start":{"line":16,"column":0},"end":{"line":16,"column":3}},"16":{"start":{"line":17,"column":0},"end":{"line":17,"column":0}},"17":{"start":{"line":18,"column":0},"end":{"line":18,"column":14}},"18":{"start":{"line":19,"column":0},"end":{"line":19,"column":1}},"19":{"start":{"line":20,"column":0},"end":{"line":20,"column":0}},"20":{"start":{"line":21,"column":0},"end":{"line":21,"column":79}},"21":{"start":{"line":22,"column":0},"end":{"line":22,"column":47}},"22":{"start":{"line":23,"column":0},"end":{"line":23,"column":64}},"23":{"start":{"line":24,"column":0},"end":{"line":24,"column":0}},"24":{"start":{"line":25,"column":0},"end":{"line":25,"column":60}},"25":{"start":{"line":26,"column":0},"end":{"line":26,"column":64}},"26":{"start":{"line":27,"column":0},"end":{"line":27,"column":0}},"27":{"start":{"line":28,"column":0},"end":{"line":28,"column":60}},"28":{"start":{"line":29,"column":0},"end":{"line":29,"column":0}},"29":{"start":{"line":30,"column":0},"end":{"line":30,"column":94}},"30":{"start":{"line":31,"column":0},"end":{"line":31,"column":57}},"31":{"start":{"line":32,"column":0},"end":{"line":32,"column":75}},"32":{"start":{"line":33,"column":0},"end":{"line":33,"column":31}},"33":{"start":{"line":34,"column":0},"end":{"line":34,"column":13}},"34":{"start":{"line":35,"column":0},"end":{"line":35,"column":25}},"35":{"start":{"line":36,"column":0},"end":{"line":36,"column":50}},"36":{"start":{"line":37,"column":0},"end":{"line":37,"column":49}},"37":{"start":{"line":38,"column":0},"end":{"line":38,"column":5}},"38":{"start":{"line":39,"column":0},"end":{"line":39,"column":19}},"39":{"start":{"line":40,"column":0},"end":{"line":40,"column":3}},"40":{"start":{"line":41,"column":0},"end":{"line":41,"column":31}},"41":{"start":{"line":42,"column":0},"end":{"line":42,"column":1}}},"s":{"0":1,"1":1,"2":1,"3":1,"4":1,"5":1,"6":45,"7":45,"8":45,"9":45,"10":6,"11":6,"12":6,"13":45,"14":0,"15":0,"16":0,"17":45,"18":45,"19":1,"20":1,"21":33,"22":33,"23":2,"24":33,"25":33,"26":1,"27":33,"28":30,"29":30,"30":30,"31":33,"32":4,"33":4,"34":26,"35":5,"36":5,"37":26,"38":5,"39":5,"40":33,"41":33},"branchMap":{"0":{"type":"branch","line":6,"loc":{"start":{"line":6,"column":26},"end":{"line":19,"column":1}},"locations":[{"start":{"line":6,"column":26},"end":{"line":19,"column":1}}]},"1":{"type":"branch","line":10,"loc":{"start":{"line":10,"column":99},"end":{"line":14,"column":6}},"locations":[{"start":{"line":10,"column":99},"end":{"line":14,"column":6}}]},"2":{"type":"branch","line":14,"loc":{"start":{"line":14,"column":51},"end":{"line":18,"column":9}},"locations":[{"start":{"line":14,"column":51},"end":{"line":18,"column":9}}]},"3":{"type":"branch","line":19,"loc":{"start":{"line":19,"column":0},"end":{"line":19,"column":1}},"locations":[{"start":{"line":19,"column":0},"end":{"line":19,"column":1}}]},"4":{"type":"branch","line":21,"loc":{"start":{"line":21,"column":31},"end":{"line":42,"column":1}},"locations":[{"start":{"line":21,"column":31},"end":{"line":42,"column":1}}]},"5":{"type":"branch","line":23,"loc":{"start":{"line":23,"column":51},"end":{"line":25,"column":8}},"locations":[{"start":{"line":23,"column":51},"end":{"line":25,"column":8}}]},"6":{"type":"branch","line":25,"loc":{"start":{"line":25,"column":2},"end":{"line":26,"column":58}},"locations":[{"start":{"line":25,"column":2},"end":{"line":26,"column":58}}]},"7":{"type":"branch","line":26,"loc":{"start":{"line":26,"column":51},"end":{"line":28,"column":6}},"locations":[{"start":{"line":26,"column":51},"end":{"line":28,"column":6}}]},"8":{"type":"branch","line":28,"loc":{"start":{"line":28,"column":2},"end":{"line":32,"column":28}},"locations":[{"start":{"line":28,"column":2},"end":{"line":32,"column":28}}]},"9":{"type":"branch","line":32,"loc":{"start":{"line":32,"column":21},"end":{"line":32,"column":74}},"locations":[{"start":{"line":32,"column":21},"end":{"line":32,"column":74}}]},"10":{"type":"branch","line":32,"loc":{"start":{"line":32,"column":74},"end":{"line":34,"column":13}},"locations":[{"start":{"line":32,"column":74},"end":{"line":34,"column":13}}]},"11":{"type":"branch","line":34,"loc":{"start":{"line":34,"column":2},"end":{"line":41,"column":9}},"locations":[{"start":{"line":34,"column":2},"end":{"line":41,"column":9}}]},"12":{"type":"branch","line":35,"loc":{"start":{"line":35,"column":19},"end":{"line":36,"column":50}},"locations":[{"start":{"line":35,"column":19},"end":{"line":36,"column":50}}]},"13":{"type":"branch","line":36,"loc":{"start":{"line":36,"column":40},"end":{"line":37,"column":49}},"locations":[{"start":{"line":36,"column":40},"end":{"line":37,"column":49}}]},"14":{"type":"branch","line":38,"loc":{"start":{"line":38,"column":4},"end":{"line":41,"column":9}},"locations":[{"start":{"line":38,"column":4},"end":{"line":41,"column":9}}]},"15":{"type":"branch","line":41,"loc":{"start":{"line":41,"column":2},"end":{"line":42,"column":1}},"locations":[{"start":{"line":41,"column":2},"end":{"line":42,"column":1}}]},"16":{"type":"branch","line":42,"loc":{"start":{"line":42,"column":0},"end":{"line":42,"column":1}},"locations":[{"start":{"line":42,"column":0},"end":{"line":42,"column":1}}]}},"b":{"0":[45],"1":[6],"2":[0],"3":[45],"4":[33],"5":[2],"6":[31],"7":[1],"8":[30],"9":[9],"10":[4],"11":[26],"12":[5],"13":[5],"14":[5],"15":[30],"16":[33]},"fnMap":{"0":{"name":"dataColor","decl":{"start":{"line":6,"column":26},"end":{"line":19,"column":1}},"loc":{"start":{"line":6,"column":26},"end":{"line":19,"column":1}},"line":6},"1":{"name":"get","decl":{"start":{"line":19,"column":0},"end":{"line":19,"column":1}},"loc":{"start":{"line":19,"column":0},"end":{"line":19,"column":1}},"line":19},"2":{"name":"indicatorWidth","decl":{"start":{"line":21,"column":31},"end":{"line":42,"column":1}},"loc":{"start":{"line":21,"column":31},"end":{"line":42,"column":1}},"line":21},"3":{"name":"get","decl":{"start":{"line":42,"column":0},"end":{"line":42,"column":1}},"loc":{"start":{"line":42,"column":0},"end":{"line":42,"column":1}},"line":42}},"f":{"0":45,"1":45,"2":33,"3":33}}
,"/Users/stanislav/Desktop/food-time/src/services/time.test.ts": {"path":"/Users/stanislav/Desktop/food-time/src/services/time.test.ts","all":false,"statementMap":{"0":{"start":{"line":1,"column":0},"end":{"line":1,"column":32}},"1":{"start":{"line":2,"column":0},"end":{"line":2,"column":45}},"2":{"start":{"line":3,"column":0},"end":{"line":3,"column":48}},"3":{"start":{"line":4,"column":0},"end":{"line":4,"column":0}},"4":{"start":{"line":5,"column":0},"end":{"line":5,"column":24}},"5":{"start":{"line":6,"column":0},"end":{"line":6,"column":38}},"6":{"start":{"line":7,"column":0},"end":{"line":7,"column":51}},"7":{"start":{"line":8,"column":0},"end":{"line":8,"column":45}},"8":{"start":{"line":9,"column":0},"end":{"line":9,"column":58}},"9":{"start":{"line":10,"column":0},"end":{"line":10,"column":42}},"10":{"start":{"line":11,"column":0},"end":{"line":11,"column":72}},"11":{"start":{"line":12,"column":0},"end":{"line":12,"column":0}},"12":{"start":{"line":13,"column":0},"end":{"line":13,"column":52}},"13":{"start":{"line":14,"column":0},"end":{"line":14,"column":53}},"14":{"start":{"line":15,"column":0},"end":{"line":15,"column":6}},"15":{"start":{"line":16,"column":0},"end":{"line":16,"column":4}},"16":{"start":{"line":17,"column":0},"end":{"line":17,"column":31}},"17":{"start":{"line":18,"column":0},"end":{"line":18,"column":68}},"18":{"start":{"line":19,"column":0},"end":{"line":19,"column":31}},"19":{"start":{"line":20,"column":0},"end":{"line":20,"column":32}},"20":{"start":{"line":21,"column":0},"end":{"line":21,"column":82}},"21":{"start":{"line":22,"column":0},"end":{"line":22,"column":53}},"22":{"start":{"line":23,"column":0},"end":{"line":23,"column":0}},"23":{"start":{"line":24,"column":0},"end":{"line":24,"column":68}},"24":{"start":{"line":25,"column":0},"end":{"line":25,"column":6}},"25":{"start":{"line":26,"column":0},"end":{"line":26,"column":4}},"26":{"start":{"line":27,"column":0},"end":{"line":27,"column":2}}},"s":{"0":1,"1":1,"2":1,"3":1,"4":1,"5":1,"6":1,"7":1,"8":1,"9":1,"10":1,"11":1,"12":1,"13":1,"14":1,"15":1,"16":1,"17":1,"18":1,"19":1,"20":1,"21":1,"22":1,"23":1,"24":1,"25":1,"26":1},"branchMap":{"0":{"type":"branch","line":5,"loc":{"start":{"line":5,"column":17},"end":{"line":27,"column":2}},"locations":[{"start":{"line":5,"column":17},"end":{"line":27,"column":2}}]},"1":{"type":"branch","line":6,"loc":{"start":{"line":6,"column":31},"end":{"line":16,"column":4}},"locations":[{"start":{"line":6,"column":31},"end":{"line":16,"column":4}}]},"2":{"type":"branch","line":7,"loc":{"start":{"line":7,"column":44},"end":{"line":15,"column":6}},"locations":[{"start":{"line":7,"column":44},"end":{"line":15,"column":6}}]},"3":{"type":"branch","line":17,"loc":{"start":{"line":17,"column":24},"end":{"line":26,"column":4}},"locations":[{"start":{"line":17,"column":24},"end":{"line":26,"column":4}}]},"4":{"type":"branch","line":18,"loc":{"start":{"line":18,"column":61},"end":{"line":25,"column":6}},"locations":[{"start":{"line":18,"column":61},"end":{"line":25,"column":6}}]}},"b":{"0":[1],"1":[1],"2":[1],"3":[1],"4":[1]},"fnMap":{},"f":{}}
,"/Users/stanislav/Desktop/food-time/src/services/time.ts": {"path":"/Users/stanislav/Desktop/food-time/src/services/time.ts","all":false,"statementMap":{"0":{"start":{"line":1,"column":0},"end":{"line":1,"column":32}},"1":{"start":{"line":2,"column":0},"end":{"line":2,"column":0}},"2":{"start":{"line":3,"column":0},"end":{"line":3,"column":64}},"3":{"start":{"line":4,"column":0},"end":{"line":4,"column":18}},"4":{"start":{"line":5,"column":0},"end":{"line":5,"column":33}},"5":{"start":{"line":6,"column":0},"end":{"line":6,"column":41}},"6":{"start":{"line":7,"column":0},"end":{"line":7,"column":10}},"7":{"start":{"line":8,"column":0},"end":{"line":8,"column":44}},"8":{"start":{"line":9,"column":0},"end":{"line":9,"column":3}},"9":{"start":{"line":10,"column":0},"end":{"line":10,"column":0}},"10":{"start":{"line":11,"column":0},"end":{"line":11,"column":68}},"11":{"start":{"line":12,"column":0},"end":{"line":12,"column":1}},"12":{"start":{"line":13,"column":0},"end":{"line":13,"column":0}},"13":{"start":{"line":14,"column":0},"end":{"line":14,"column":75}},"14":{"start":{"line":15,"column":0},"end":{"line":15,"column":90}},"15":{"start":{"line":16,"column":0},"end":{"line":16,"column":88}},"16":{"start":{"line":17,"column":0},"end":{"line":17,"column":74}},"17":{"start":{"line":18,"column":0},"end":{"line":18,"column":0}},"18":{"start":{"line":19,"column":0},"end":{"line":19,"column":25}},"19":{"start":{"line":20,"column":0},"end":{"line":20,"column":1}}},"s":{"0":1,"1":1,"2":1,"3":21,"4":21,"5":20,"6":20,"7":1,"8":1,"9":1,"10":21,"11":21,"12":1,"13":1,"14":115,"15":115,"16":115,"17":115,"18":115,"19":115},"branchMap":{"0":{"type":"branch","line":3,"loc":{"start":{"line":3,"column":31},"end":{"line":12,"column":1}},"locations":[{"start":{"line":3,"column":31},"end":{"line":12,"column":1}}]},"1":{"type":"branch","line":5,"loc":{"start":{"line":5,"column":32},"end":{"line":11,"column":9}},"locations":[{"start":{"line":5,"column":32},"end":{"line":11,"column":9}}]},"2":{"type":"branch","line":7,"loc":{"start":{"line":7,"column":2},"end":{"line":11,"column":9}},"locations":[{"start":{"line":7,"column":2},"end":{"line":11,"column":9}}]},"3":{"type":"branch","line":12,"loc":{"start":{"line":12,"column":0},"end":{"line":12,"column":1}},"locations":[{"start":{"line":12,"column":0},"end":{"line":12,"column":1}}]},"4":{"type":"branch","line":14,"loc":{"start":{"line":14,"column":24},"end":{"line":20,"column":1}},"locations":[{"start":{"line":14,"column":24},"end":{"line":20,"column":1}}]},"5":{"type":"branch","line":17,"loc":{"start":{"line":17,"column":65},"end":{"line":17,"column":74}},"locations":[{"start":{"line":17,"column":65},"end":{"line":17,"column":74}}]},"6":{"type":"branch","line":20,"loc":{"start":{"line":20,"column":0},"end":{"line":20,"column":1}},"locations":[{"start":{"line":20,"column":0},"end":{"line":20,"column":1}}]}},"b":{"0":[21],"1":[20],"2":[1],"3":[21],"4":[115],"5":[2],"6":[115]},"fnMap":{"0":{"name":"mainTimeFormat","decl":{"start":{"line":3,"column":31},"end":{"line":12,"column":1}},"loc":{"start":{"line":3,"column":31},"end":{"line":12,"column":1}},"line":3},"1":{"name":"get","decl":{"start":{"line":12,"column":0},"end":{"line":12,"column":1}},"loc":{"start":{"line":12,"column":0},"end":{"line":12,"column":1}},"line":12},"2":{"name":"dayDiff","decl":{"start":{"line":14,"column":24},"end":{"line":20,"column":1}},"loc":{"start":{"line":14,"column":24},"end":{"line":20,"column":1}},"line":14},"3":{"name":"get","decl":{"start":{"line":20,"column":0},"end":{"line":20,"column":1}},"loc":{"start":{"line":20,"column":0},"end":{"line":20,"column":1}},"line":20}},"f":{"0":21,"1":21,"2":115,"3":115}}
}
